[debug] [2024-09-05T13:41:31.270Z] ----------------------------------------------------------------------
[debug] [2024-09-05T13:41:31.273Z] Command:       C:\Program Files\nodejs\node.exe C:\Users\Intern-43\AppData\Roaming\npm\node_modules\firebase-tools\lib\bin\firebase.js init
[debug] [2024-09-05T13:41:31.273Z] CLI Version:   13.16.0
[debug] [2024-09-05T13:41:31.274Z] Platform:      win32
[debug] [2024-09-05T13:41:31.274Z] Node Version:  v20.16.0
[debug] [2024-09-05T13:41:31.274Z] Time:          Thu Sep 05 2024 15:41:31 GMT+0200 (South Africa Standard Time)
[debug] [2024-09-05T13:41:31.274Z] ----------------------------------------------------------------------
[debug] 
[debug] [2024-09-05T13:41:31.343Z] > command requires scopes: ["email","openid","https://www.googleapis.com/auth/cloudplatformprojects.readonly","https://www.googleapis.com/auth/firebase","https://www.googleapis.com/auth/cloud-platform"]
[debug] [2024-09-05T13:41:31.343Z] > authorizing via signed-in user (nathaliewillemse5@gmail.com)
[info] 
     ######## #### ########  ######## ########     ###     ######  ########
     ##        ##  ##     ## ##       ##     ##  ##   ##  ##       ##
     ######    ##  ########  ######   ########  #########  ######  ######
     ##        ##  ##    ##  ##       ##     ## ##     ##       ## ##
     ##       #### ##     ## ######## ########  ##     ##  ######  ########

You're about to initialize a Firebase project in this directory:

  C:\Users\Intern-43\Documents\fixed\NoveltyNooks\my-vue-frontend

Before we get started, keep in mind:

  * You are initializing within an existing Firebase project directory

[info] 
=== Project Setup
[info] 
[info] First, let's associate this project directory with a Firebase project.
[info] You can create multiple project aliases by running firebase use --add, 
[info] but for now we'll just set up a default project.
[info] 
[debug] [2024-09-05T13:41:36.717Z] Using project from CLI flag: nook-a9fa5
[debug] [2024-09-05T13:41:36.720Z] >>> [apiv2][query] GET https://firebase.googleapis.com/v1beta1/projects/nook-a9fa5 [none]
[debug] [2024-09-05T13:41:37.491Z] <<< [apiv2][status] GET https://firebase.googleapis.com/v1beta1/projects/nook-a9fa5 200
[debug] [2024-09-05T13:41:37.491Z] <<< [apiv2][body] GET https://firebase.googleapis.com/v1beta1/projects/nook-a9fa5 {"projectId":"nook-a9fa5","projectNumber":"377030843073","displayName":"nook","name":"projects/nook-a9fa5","resources":{"hostingSite":"nook-a9fa5"},"state":"ACTIVE","etag":"1_e9e0646e-d92b-4c5c-9513-19a3d59de15a"}
[info] i  Using project nook-a9fa5 (nook) 
[info] 
=== Hosting Setup
[debug] [2024-09-05T13:41:37.509Z] >>> [apiv2][query] GET https://firebase.googleapis.com/v1beta1/projects/nook-a9fa5 [none]
[debug] [2024-09-05T13:41:37.846Z] <<< [apiv2][status] GET https://firebase.googleapis.com/v1beta1/projects/nook-a9fa5 200
[debug] [2024-09-05T13:41:37.846Z] <<< [apiv2][body] GET https://firebase.googleapis.com/v1beta1/projects/nook-a9fa5 {"projectId":"nook-a9fa5","projectNumber":"377030843073","displayName":"nook","name":"projects/nook-a9fa5","resources":{"hostingSite":"nook-a9fa5"},"state":"ACTIVE","etag":"1_e9e0646e-d92b-4c5c-9513-19a3d59de15a"}
[info] 
[info] Your public directory is the folder (relative to your project directory) that
[info] will contain Hosting assets to be uploaded with firebase deploy. If you
[info] have a build process for your assets, use your build's output directory.
[info] 
